C51 COMPILER V9.59.0.0   DELAY                                                             05/04/2019 16:39:04 PAGE 1   


C51 COMPILER V9.59.0.0, COMPILATION OF MODULE DELAY
OBJECT MODULE PLACED IN .\Objects\delay.obj
COMPILER INVOKED BY: D:\KEIL5_MDK\C51\BIN\C51.EXE delay.c OPTIMIZE(8,SPEED) BROWSE DEBUG OBJECTEXTEND PRINT(.\Listings\d
                    -elay.lst) TABS(2) OBJECT(.\Objects\delay.obj)

line level    source

   1          #include <stdint.h>
*** WARNING C318 IN LINE 1 OF delay.c: can't open file 'stdint.h'
   2          #include "delay.h"
   3          
   4          void delay(unsigned int t)
   5          {
   6   1        uint32_t i, j;
*** ERROR C202 IN LINE 6 OF delay.c: 'uint32_t': undefined identifier
*** ERROR C141 IN LINE 6 OF delay.c: syntax error near 'i', expected ';'
   7   1        for(i=0; i<t; i++)
*** ERROR C202 IN LINE 7 OF delay.c: 'i': undefined identifier
   8   1        {
   9   2          for(j=0;j<103;j++);
*** ERROR C202 IN LINE 9 OF delay.c: 'j': undefined identifier
  10   2        }
  11   1      }

C51 COMPILATION COMPLETE.  1 WARNING(S),  4 ERROR(S)
