C51 COMPILER V9.59.0.0   LCD1602                                                           05/04/2019 16:39:05 PAGE 1   


C51 COMPILER V9.59.0.0, COMPILATION OF MODULE LCD1602
OBJECT MODULE PLACED IN .\Objects\lcd1602.obj
COMPILER INVOKED BY: D:\KEIL5_MDK\C51\BIN\C51.EXE lcd1602.c OPTIMIZE(8,SPEED) BROWSE DEBUG OBJECTEXTEND PRINT(.\Listings
                    -\lcd1602.lst) TABS(2) OBJECT(.\Objects\lcd1602.obj)

line level    source

   1          #include <string.h>
   2          #include "defines.h"
   3          #include "lcd1602.h"
*** ERROR C129 IN LINE 10 OF lcd1602.h: missing ';' before 'lcd1602_busy_flag'
   4          #include "delay.h"
   5          
   6          __bit lcd1602_busy_flag()
   7          {
   8            LCD1602_DATA_PORT = 0xff;
   9            LCD1602_RS = 0;
  10            LCD1602_RW = 1;
  11            LCD1602_EN = 0;
  12            __nop();
  13            LCD1602_EN = 1;
  14            return (LCD1602_DATA_PORT & 0x80);
  15          }
  16          
  17          void lcd1602_write(unsigned char data, __bit type)
  18          {
  19            while(!lcd1602_busy_flag());
  20            LCD1602_RS = type;
  21            LCD1602_RW = 0;
  22            LCD1602_EN = 1;
  23            LCD1602_DATA_PORT = data;
  24            __nop(); __nop(); __nop(); __nop();
  25            LCD1602_EN = 0;
  26          }
  27          
  28          void lcd1602_clear()
  29          {
  30            lcd1602_write(0x01, LCD1602_COMMAND);
  31          }
  32          
  33          void lcd1602_init()
  34          {
  35            // 清屏
  36            delay(5);
  37            lcd1602_write(0x01, LCD1602_COMMAND);
  38            delay(5);
  39            // 光标复位
  40            lcd1602_write(0x03, LCD1602_COMMAND);
  41            delay(5);
  42            // 光标右移，不移屏
  43            lcd1602_write(0x06, LCD1602_COMMAND);
  44            delay(5);
  45            // 开显示，开光标，光标闪烁
  46            // lcd1602_write(0x0e, LCD1602_COMMAND);
  47            lcd1602_write(0x0C, LCD1602_COMMAND);
  48            delay(1);
  49            // 光标自动右移
  50            lcd1602_write(0x14, LCD1602_COMMAND);
  51            delay(1);
  52            // 8位并行，两行显示，5*7字符大小
  53            lcd1602_write(0x38, LCD1602_COMMAND);
C51 COMPILER V9.59.0.0   LCD1602                                                           05/04/2019 16:39:05 PAGE 2   

  54            delay(1);
  55          }
  56          
  57          void lcd1602_custom_character(unsigned index, unsigned char model[])
  58          {
  59            unsigned char i;
  60            lcd1602_write((0x40 + index * 8), LCD1602_COMMAND);
  61            for(i=0; i<8; i++)
  62            {
  63              lcd1602_write(model[i], LCD1602_DATA);
  64            }
  65          }
  66          
  67          void lcd1602_print(unsigned char x, unsigned char y, unsigned char *content)
  68          {
  69            unsigned char i, address;
  70            // 计算地址
  71            if(y==1)
  72              address = 0x80 + x;
  73            else if(y==2)
  74              address = 0xC0 + x;
  75            else
  76              return;
  77          
  78            lcd1602_write(address, LCD1602_COMMAND);
  79            for(i=0; i<strlen(content); i++)
  80            {
  81              lcd1602_write(content[i], LCD1602_DATA);
  82            }
  83          }

C51 COMPILATION COMPLETE.  0 WARNING(S),  1 ERROR(S)
